<?xml version="1.0" encoding="UTF-8"?>
<!-- Generated by org.testng.reporters.JUnitReportReporter -->
<testsuite hostname="LAPTOP-6IA09RRA" failures="0" tests="11" name="testngConcept.differentannotations" time="0.043" errors="0" timestamp="2024-08-23T10:11:13 IST" skipped="1">
  <testcase classname="testngConcept.differentannotations" name="method2" time="0.004"/>
  <system-out/>
  <testcase classname="testngConcept.differentannotations" name="method2" time="0.001"/>
  <system-out/>
  <testcase classname="testngConcept.differentannotations" name="method2" time="0.004"/>
  <system-out/>
  <testcase classname="testngConcept.differentannotations" name="method2" time="0.001"/>
  <system-out/>
  <testcase classname="testngConcept.differentannotations" name="method2" time="0.002"/>
  <system-out/>
  <testcase classname="testngConcept.differentannotations" name="method2" time="0.022"/>
  <system-out/>
  <testcase classname="testngConcept.differentannotations" name="method2" time="0.002"/>
  <system-out/>
  <testcase classname="testngConcept.differentannotations" name="method2" time="0.002"/>
  <system-out/>
  <testcase classname="testngConcept.differentannotations" name="method2" time="0.002"/>
  <system-out/>
  <testcase classname="testngConcept.differentannotations" name="method2" time="0.003"/>
  <system-out/>
  <testcase classname="testngConcept.differentannotations" name="method1">
    <skipped/>
  </testcase> <!-- method1 -->
  <system-out/>
</testsuite> <!-- testngConcept.differentannotations -->
