<?xml version="1.0" encoding="UTF-8"?>
<!-- Generated by org.testng.reporters.JUnitReportReporter -->
<testsuite hostname="LAPTOP-6IA09RRA" failures="0" tests="1" name="testngConcept.parametersdemo" time="7.081" errors="0" timestamp="2024-08-23T08:19:25 IST" skipped="0">
  <testcase classname="testngConcept.parametersdemo" name="login" time="7.081"/>
  <system-out/>
</testsuite> <!-- testngConcept.parametersdemo -->
