<?xml version="1.0" encoding="UTF-8"?>
<!-- Generated by org.testng.reporters.JUnitReportReporter -->
<testsuite hostname="LAPTOP-6IA09RRA" failures="0" tests="2" name="testcases.verifyregistration" time="10.777" errors="0" timestamp="2024-09-09T00:26:39 IST" skipped="0">
  <testcase classname="testcases.verifyregistration" name="verifyregistrationwithvalidtestdata" time="5.026"/>
  <system-out/>
  <testcase classname="testcases.verifyregistration" name="verifyregistrationwithBlanktestdata" time="5.751"/>
  <system-out/>
</testsuite> <!-- testcases.verifyregistration -->
