<?xml version="1.0" encoding="UTF-8"?>
<!-- Generated by org.testng.reporters.JUnitReportReporter -->
<testsuite hostname="LAPTOP-6IA09RRA" failures="0" tests="2" name="testngConcept.demo2" time="0.003" errors="0" timestamp="2024-08-22T10:46:31 IST" skipped="0">
  <testcase classname="testngConcept.demo2" name="method1" time="0.002"/>
  <system-out/>
  <testcase classname="testngConcept.demo2" name="method2" time="0.001"/>
  <system-out/>
</testsuite> <!-- testngConcept.demo2 -->
