<?xml version="1.0" encoding="UTF-8"?>
<!-- Generated by org.testng.reporters.JUnitReportReporter -->
<testsuite hostname="LAPTOP-6IA09RRA" failures="0" tests="2" name="testngConcept.Prioritydemo" time="0.014" errors="0" timestamp="2024-08-22T11:45:31 IST" skipped="0">
  <testcase classname="testngConcept.Prioritydemo" name="Amethod2" time="0.013"/>
  <system-out/>
  <testcase classname="testngConcept.Prioritydemo" name="method1" time="0.001"/>
  <system-out/>
</testsuite> <!-- testngConcept.Prioritydemo -->
