<?xml version="1.0" encoding="UTF-8"?>
<!-- Generated by org.testng.reporters.JUnitReportReporter -->
<testsuite hostname="LAPTOP-6IA09RRA" failures="0" tests="2" name="testngConcept.demo1" time="0.012" errors="0" timestamp="2024-08-22T10:46:31 IST" skipped="0">
  <testcase classname="testngConcept.demo1" name="method2" time="0.005"/>
  <system-out/>
  <testcase classname="testngConcept.demo1" name="method1" time="0.007"/>
  <system-out/>
</testsuite> <!-- testngConcept.demo1 -->
