<?xml version="1.0" encoding="UTF-8"?>
<!-- Generated by org.testng.reporters.JUnitReportReporter -->
<testsuite hostname="LAPTOP-6IA09RRA" failures="0" tests="1" name="testngConcept.groupsdemo" time="0.019" errors="0" timestamp="2024-08-23T08:15:59 IST" skipped="0">
  <testcase classname="testngConcept.groupsdemo" name="method1" time="0.019"/>
  <system-out/>
</testsuite> <!-- testngConcept.groupsdemo -->
